
  .   ____          _            __ _ _
 /\\ / ___'_ __ _ _(_)_ __  __ _ \ \ \ \
( ( )\___ | '_ | '_| | '_ \/ _` | \ \ \ \
 \\/  ___)| |_)| | | | | || (_| |  ) ) ) )
  '  |____| .__|_| |_|_| |_\__, | / / / /
 =========|_|==============|___/=/_/_/_/
 :: Spring Boot ::                (v3.2.5)

2026-04-18T21:39:47.770Z  INFO 1 --- [           main] com.hotelio.booking.BookingApplication   : Starting BookingApplication v0.0.1 using Java 17-ea with PID 1 (/app/app.jar started by root in /app)
2026-04-18T21:39:47.800Z  INFO 1 --- [           main] com.hotelio.booking.BookingApplication   : No active profile set, falling back to 1 default profile: "default"
2026-04-18T21:39:49.655Z  INFO 1 --- [           main] .s.d.r.c.RepositoryConfigurationDelegate : Bootstrapping Spring Data JPA repositories in DEFAULT mode.
2026-04-18T21:39:49.768Z  INFO 1 --- [           main] .s.d.r.c.RepositoryConfigurationDelegate : Finished Spring Data repository scanning in 69 ms. Found 1 JPA repository interface.
2026-04-18T21:39:51.287Z  INFO 1 --- [           main] o.s.b.w.embedded.tomcat.TomcatWebServer  : Tomcat initialized with port 8080 (http)
2026-04-18T21:39:51.316Z  INFO 1 --- [           main] o.apache.catalina.core.StandardService   : Starting service [Tomcat]
2026-04-18T21:39:51.317Z  INFO 1 --- [           main] o.apache.catalina.core.StandardEngine    : Starting Servlet engine: [Apache Tomcat/10.1.20]
2026-04-18T21:39:51.431Z  INFO 1 --- [           main] o.a.c.c.C.[Tomcat].[localhost].[/]       : Initializing Spring embedded WebApplicationContext
2026-04-18T21:39:51.433Z  INFO 1 --- [           main] w.s.c.ServletWebServerApplicationContext : Root WebApplicationContext: initialization completed in 3241 ms
2026-04-18T21:39:51.829Z  INFO 1 --- [           main] o.hibernate.jpa.internal.util.LogHelper  : HHH000204: Processing PersistenceUnitInfo [name: default]
2026-04-18T21:39:51.953Z  INFO 1 --- [           main] org.hibernate.Version                    : HHH000412: Hibernate ORM core version 6.4.4.Final
2026-04-18T21:39:52.035Z  INFO 1 --- [           main] o.h.c.internal.RegionFactoryInitiator    : HHH000026: Second-level cache disabled
2026-04-18T21:39:52.555Z  INFO 1 --- [           main] o.s.o.j.p.SpringPersistenceUnitInfo      : No LoadTimeWeaver setup: ignoring JPA class transformer
2026-04-18T21:39:52.649Z  INFO 1 --- [           main] com.zaxxer.hikari.HikariDataSource       : HikariPool-1 - Starting...
2026-04-18T21:39:53.277Z  INFO 1 --- [           main] com.zaxxer.hikari.pool.HikariPool        : HikariPool-1 - Added connection org.postgresql.jdbc.PgConnection@7f426ddd
2026-04-18T21:39:53.278Z  INFO 1 --- [           main] com.zaxxer.hikari.HikariDataSource       : HikariPool-1 - Start completed.
2026-04-18T21:39:55.007Z  INFO 1 --- [           main] o.h.e.t.j.p.i.JtaPlatformInitiator       : HHH000489: No JTA platform available (set 'hibernate.transaction.jta.platform' to enable JTA platform integration)
2026-04-18T21:39:55.098Z  INFO 1 --- [           main] j.LocalContainerEntityManagerFactoryBean : Initialized JPA EntityManagerFactory for persistence unit 'default'
2026-04-18T21:39:55.493Z  INFO 1 --- [           main] o.a.k.clients.producer.ProducerConfig    : ProducerConfig values: 
	acks = -1
	auto.include.jmx.reporter = true
	batch.size = 16384
	bootstrap.servers = [kafka:9092]
	buffer.memory = 33554432
	client.dns.lookup = use_all_dns_ips
	client.id = producer-1
	compression.type = none
	connections.max.idle.ms = 540000
	delivery.timeout.ms = 120000
	enable.idempotence = true
	interceptor.classes = []
	key.serializer = class org.apache.kafka.common.serialization.StringSerializer
	linger.ms = 0
	max.block.ms = 60000
	max.in.flight.requests.per.connection = 5
	max.request.size = 1048576
	metadata.max.age.ms = 300000
	metadata.max.idle.ms = 300000
	metric.reporters = []
	metrics.num.samples = 2
	metrics.recording.level = INFO
	metrics.sample.window.ms = 30000
	partitioner.adaptive.partitioning.enable = true
	partitioner.availability.timeout.ms = 0
	partitioner.class = null
	partitioner.ignore.keys = false
	receive.buffer.bytes = 32768
	reconnect.backoff.max.ms = 1000
	reconnect.backoff.ms = 50
	request.timeout.ms = 30000
	retries = 2147483647
	retry.backoff.ms = 100
	sasl.client.callback.handler.class = null
	sasl.jaas.config = null
	sasl.kerberos.kinit.cmd = /usr/bin/kinit
	sasl.kerberos.min.time.before.relogin = 60000
	sasl.kerberos.service.name = null
	sasl.kerberos.ticket.renew.jitter = 0.05
	sasl.kerberos.ticket.renew.window.factor = 0.8
	sasl.login.callback.handler.class = null
	sasl.login.class = null
	sasl.login.connect.timeout.ms = null
	sasl.login.read.timeout.ms = null
	sasl.login.refresh.buffer.seconds = 300
	sasl.login.refresh.min.period.seconds = 60
	sasl.login.refresh.window.factor = 0.8
	sasl.login.refresh.window.jitter = 0.05
	sasl.login.retry.backoff.max.ms = 10000
	sasl.login.retry.backoff.ms = 100
	sasl.mechanism = GSSAPI
	sasl.oauthbearer.clock.skew.seconds = 30
	sasl.oauthbearer.expected.audience = null
	sasl.oauthbearer.expected.issuer = null
	sasl.oauthbearer.jwks.endpoint.refresh.ms = 3600000
	sasl.oauthbearer.jwks.endpoint.retry.backoff.max.ms = 10000
	sasl.oauthbearer.jwks.endpoint.retry.backoff.ms = 100
	sasl.oauthbearer.jwks.endpoint.url = null
	sasl.oauthbearer.scope.claim.name = scope
	sasl.oauthbearer.sub.claim.name = sub
	sasl.oauthbearer.token.endpoint.url = null
	security.protocol = PLAINTEXT
	security.providers = null
	send.buffer.bytes = 131072
	socket.connection.setup.timeout.max.ms = 30000
	socket.connection.setup.timeout.ms = 10000
	ssl.cipher.suites = null
	ssl.enabled.protocols = [TLSv1.2, TLSv1.3]
	ssl.endpoint.identification.algorithm = https
	ssl.engine.factory.class = null
	ssl.key.password = null
	ssl.keymanager.algorithm = SunX509
	ssl.keystore.certificate.chain = null
	ssl.keystore.key = null
	ssl.keystore.location = null
	ssl.keystore.password = null
	ssl.keystore.type = JKS
	ssl.protocol = TLSv1.3
	ssl.provider = null
	ssl.secure.random.implementation = null
	ssl.trustmanager.algorithm = PKIX
	ssl.truststore.certificates = null
	ssl.truststore.location = null
	ssl.truststore.password = null
	ssl.truststore.type = JKS
	transaction.timeout.ms = 60000
	transactional.id = null
	value.serializer = class org.apache.kafka.common.serialization.StringSerializer

2026-04-18T21:39:55.556Z  INFO 1 --- [           main] o.a.k.clients.producer.KafkaProducer     : [Producer clientId=producer-1] Instantiated an idempotent producer.
2026-04-18T21:39:55.582Z  INFO 1 --- [           main] o.a.kafka.common.utils.AppInfoParser     : Kafka version: 3.6.0
2026-04-18T21:39:55.583Z  INFO 1 --- [           main] o.a.kafka.common.utils.AppInfoParser     : Kafka commitId: 60e845626d8a465a
2026-04-18T21:39:55.583Z  INFO 1 --- [           main] o.a.kafka.common.utils.AppInfoParser     : Kafka startTimeMs: 1776548395582
2026-04-18T21:39:55.674Z  WARN 1 --- [           main] JpaBaseConfiguration$JpaWebConfiguration : spring.jpa.open-in-view is enabled by default. Therefore, database queries may be performed during view rendering. Explicitly configure spring.jpa.open-in-view to disable this warning
2026-04-18T21:39:55.901Z  INFO 1 --- [ad | producer-1] org.apache.kafka.clients.Metadata        : [Producer clientId=producer-1] Cluster ID: 4QTzqckGTomVyJzIGMPKiA
2026-04-18T21:39:55.949Z  INFO 1 --- [ad | producer-1] o.a.k.c.p.internals.TransactionManager   : [Producer clientId=producer-1] ProducerId set to 0 with epoch 0
2026-04-18T21:39:56.094Z  INFO 1 --- [           main] g.s.a.GrpcServerFactoryAutoConfiguration : Detected grpc-netty-shaded: Creating ShadedNettyGrpcServerFactory
2026-04-18T21:39:56.295Z  INFO 1 --- [           main] o.s.b.w.embedded.tomcat.TomcatWebServer  : Tomcat started on port 8080 (http) with context path ''
2026-04-18T21:39:56.404Z  INFO 1 --- [           main] n.d.b.g.s.s.AbstractGrpcServerFactory    : Registered gRPC service: booking.BookingService, bean: grpcBookingService, class: com.hotelio.booking.grpc.GrpcBookingService
2026-04-18T21:39:56.404Z  INFO 1 --- [           main] n.d.b.g.s.s.AbstractGrpcServerFactory    : Registered gRPC service: grpc.health.v1.Health, bean: grpcHealthService, class: io.grpc.protobuf.services.HealthServiceImpl
2026-04-18T21:39:56.404Z  INFO 1 --- [           main] n.d.b.g.s.s.AbstractGrpcServerFactory    : Registered gRPC service: grpc.reflection.v1alpha.ServerReflection, bean: protoReflectionService, class: io.grpc.protobuf.services.ProtoReflectionService
2026-04-18T21:39:56.492Z  INFO 1 --- [           main] n.d.b.g.s.s.GrpcServerLifecycle          : gRPC Server started, listening on address: *, port: 9090
2026-04-18T21:39:56.502Z  INFO 1 --- [           main] com.hotelio.booking.BookingApplication   : Started BookingApplication in 10.066 seconds (process running for 12.225)
2026-04-18T21:40:03.941Z ERROR 1 --- [ault-executor-0] io.grpc.internal.SerializingExecutor     : Exception while executing runnable io.grpc.internal.ServerImpl$JumpToApplicationThreadServerStreamListener$1HalfClosed@2024d909

java.lang.RuntimeException: Validation failed: User not authorized
	at com.hotelio.booking.service.BookingServiceImpl.create(BookingServiceImpl.java:82) ~[!/:0.0.1]
	at com.hotelio.booking.grpc.GrpcBookingService.createBooking(GrpcBookingService.java:25) ~[!/:0.0.1]
	at com.hotelio.proto.booking.BookingServiceGrpc$MethodHandlers.invoke(BookingServiceGrpc.java:290) ~[!/:0.0.1]
	at io.grpc.stub.ServerCalls$UnaryServerCallHandler$UnaryServerCallListener.onHalfClose(ServerCalls.java:182) ~[grpc-stub-1.58.0.jar!/:1.58.0]
	at io.grpc.PartialForwardingServerCallListener.onHalfClose(PartialForwardingServerCallListener.java:35) ~[grpc-api-1.58.0.jar!/:1.58.0]
	at io.grpc.ForwardingServerCallListener.onHalfClose(ForwardingServerCallListener.java:23) ~[grpc-api-1.58.0.jar!/:1.58.0]
	at io.grpc.ForwardingServerCallListener$SimpleForwardingServerCallListener.onHalfClose(ForwardingServerCallListener.java:40) ~[grpc-api-1.58.0.jar!/:1.58.0]
	at io.grpc.Contexts$ContextualizedServerCallListener.onHalfClose(Contexts.java:86) ~[grpc-api-1.58.0.jar!/:1.58.0]
	at io.grpc.internal.ServerCallImpl$ServerStreamListenerImpl.halfClosed(ServerCallImpl.java:351) ~[grpc-core-1.58.0.jar!/:1.58.0]
	at io.grpc.internal.ServerImpl$JumpToApplicationThreadServerStreamListener$1HalfClosed.runInContext(ServerImpl.java:860) ~[grpc-core-1.58.0.jar!/:1.58.0]
	at io.grpc.internal.ContextRunnable.run(ContextRunnable.java:37) ~[grpc-core-1.58.0.jar!/:1.58.0]
	at io.grpc.internal.SerializingExecutor.run(SerializingExecutor.java:133) ~[grpc-core-1.58.0.jar!/:1.58.0]
	at java.base/java.util.concurrent.ThreadPoolExecutor.runWorker(ThreadPoolExecutor.java:1135) ~[na:na]
	at java.base/java.util.concurrent.ThreadPoolExecutor$Worker.run(ThreadPoolExecutor.java:635) ~[na:na]
	at java.base/java.lang.Thread.run(Thread.java:831) ~[na:na]
Caused by: java.lang.RuntimeException: User not authorized
	at com.hotelio.booking.service.BookingServiceImpl.create(BookingServiceImpl.java:38) ~[!/:0.0.1]
	... 14 common frames omitted

2026-04-18T21:40:04.022Z ERROR 1 --- [ault-executor-0] io.grpc.internal.SerializingExecutor     : Exception while executing runnable io.grpc.internal.ServerImpl$JumpToApplicationThreadServerStreamListener$1HalfClosed@70835a92

java.lang.RuntimeException: Validation failed: Hotel is not operational
	at com.hotelio.booking.service.BookingServiceImpl.create(BookingServiceImpl.java:82) ~[!/:0.0.1]
	at com.hotelio.booking.grpc.GrpcBookingService.createBooking(GrpcBookingService.java:25) ~[!/:0.0.1]
	at com.hotelio.proto.booking.BookingServiceGrpc$MethodHandlers.invoke(BookingServiceGrpc.java:290) ~[!/:0.0.1]
	at io.grpc.stub.ServerCalls$UnaryServerCallHandler$UnaryServerCallListener.onHalfClose(ServerCalls.java:182) ~[grpc-stub-1.58.0.jar!/:1.58.0]
	at io.grpc.PartialForwardingServerCallListener.onHalfClose(PartialForwardingServerCallListener.java:35) ~[grpc-api-1.58.0.jar!/:1.58.0]
	at io.grpc.ForwardingServerCallListener.onHalfClose(ForwardingServerCallListener.java:23) ~[grpc-api-1.58.0.jar!/:1.58.0]
	at io.grpc.ForwardingServerCallListener$SimpleForwardingServerCallListener.onHalfClose(ForwardingServerCallListener.java:40) ~[grpc-api-1.58.0.jar!/:1.58.0]
	at io.grpc.Contexts$ContextualizedServerCallListener.onHalfClose(Contexts.java:86) ~[grpc-api-1.58.0.jar!/:1.58.0]
	at io.grpc.internal.ServerCallImpl$ServerStreamListenerImpl.halfClosed(ServerCallImpl.java:351) ~[grpc-core-1.58.0.jar!/:1.58.0]
	at io.grpc.internal.ServerImpl$JumpToApplicationThreadServerStreamListener$1HalfClosed.runInContext(ServerImpl.java:860) ~[grpc-core-1.58.0.jar!/:1.58.0]
	at io.grpc.internal.ContextRunnable.run(ContextRunnable.java:37) ~[grpc-core-1.58.0.jar!/:1.58.0]
	at io.grpc.internal.SerializingExecutor.run(SerializingExecutor.java:133) ~[grpc-core-1.58.0.jar!/:1.58.0]
	at java.base/java.util.concurrent.ThreadPoolExecutor.runWorker(ThreadPoolExecutor.java:1135) ~[na:na]
	at java.base/java.util.concurrent.ThreadPoolExecutor$Worker.run(ThreadPoolExecutor.java:635) ~[na:na]
	at java.base/java.lang.Thread.run(Thread.java:831) ~[na:na]
Caused by: java.lang.RuntimeException: Hotel is not operational
	at com.hotelio.booking.service.BookingServiceImpl.create(BookingServiceImpl.java:50) ~[!/:0.0.1]
	... 14 common frames omitted

2026-04-18T21:40:04.068Z ERROR 1 --- [ault-executor-0] io.grpc.internal.SerializingExecutor     : Exception while executing runnable io.grpc.internal.ServerImpl$JumpToApplicationThreadServerStreamListener$1HalfClosed@b9f2cde

java.lang.RuntimeException: Validation failed: Hotel is fully booked
	at com.hotelio.booking.service.BookingServiceImpl.create(BookingServiceImpl.java:82) ~[!/:0.0.1]
	at com.hotelio.booking.grpc.GrpcBookingService.createBooking(GrpcBookingService.java:25) ~[!/:0.0.1]
	at com.hotelio.proto.booking.BookingServiceGrpc$MethodHandlers.invoke(BookingServiceGrpc.java:290) ~[!/:0.0.1]
	at io.grpc.stub.ServerCalls$UnaryServerCallHandler$UnaryServerCallListener.onHalfClose(ServerCalls.java:182) ~[grpc-stub-1.58.0.jar!/:1.58.0]
	at io.grpc.PartialForwardingServerCallListener.onHalfClose(PartialForwardingServerCallListener.java:35) ~[grpc-api-1.58.0.jar!/:1.58.0]
	at io.grpc.ForwardingServerCallListener.onHalfClose(ForwardingServerCallListener.java:23) ~[grpc-api-1.58.0.jar!/:1.58.0]
	at io.grpc.ForwardingServerCallListener$SimpleForwardingServerCallListener.onHalfClose(ForwardingServerCallListener.java:40) ~[grpc-api-1.58.0.jar!/:1.58.0]
	at io.grpc.Contexts$ContextualizedServerCallListener.onHalfClose(Contexts.java:86) ~[grpc-api-1.58.0.jar!/:1.58.0]
	at io.grpc.internal.ServerCallImpl$ServerStreamListenerImpl.halfClosed(ServerCallImpl.java:351) ~[grpc-core-1.58.0.jar!/:1.58.0]
	at io.grpc.internal.ServerImpl$JumpToApplicationThreadServerStreamListener$1HalfClosed.runInContext(ServerImpl.java:860) ~[grpc-core-1.58.0.jar!/:1.58.0]
	at io.grpc.internal.ContextRunnable.run(ContextRunnable.java:37) ~[grpc-core-1.58.0.jar!/:1.58.0]
	at io.grpc.internal.SerializingExecutor.run(SerializingExecutor.java:133) ~[grpc-core-1.58.0.jar!/:1.58.0]
	at java.base/java.util.concurrent.ThreadPoolExecutor.runWorker(ThreadPoolExecutor.java:1135) ~[na:na]
	at java.base/java.util.concurrent.ThreadPoolExecutor$Worker.run(ThreadPoolExecutor.java:635) ~[na:na]
	at java.base/java.lang.Thread.run(Thread.java:831) ~[na:na]
Caused by: java.lang.RuntimeException: Hotel is fully booked
	at com.hotelio.booking.service.BookingServiceImpl.create(BookingServiceImpl.java:60) ~[!/:0.0.1]
	... 14 common frames omitted

2026-04-18T21:48:56.104Z  INFO 1 --- [ad | producer-1] org.apache.kafka.clients.NetworkClient   : [Producer clientId=producer-1] Node -1 disconnected.
